# JRE version: Java(TM) SE Runtime Environment (8.0_101-b13) (build 1.8.0_101-b13)
# Java VM: Java HotSpot(TM) 64-Bit Server VM (25.101-b13 mixed mode bsd-amd64 compressed oops)
Heap:
 PSYoungGen      total 182784K, used 63083K [0x000000076ab00000, 0x0000000778f00000, 0x00000007c0000000)
  eden space 168448K, 37% used [0x000000076ab00000,0x000000076e89aef8,0x0000000774f80000)
  from space 14336K, 0% used [0x0000000776100000,0x0000000776100000,0x0000000776f00000)
  to   space 17920K, 0% used [0x0000000774f80000,0x0000000774f80000,0x0000000776100000)
 ParOldGen       total 151040K, used 21788K [0x00000006c0000000, 0x00000006c9380000, 0x000000076ab00000)
  object space 151040K, 14% used [0x00000006c0000000,0x00000006c15470b8,0x00000006c9380000)
 Metaspace       used 40614K, capacity 40956K, committed 41344K, reserved 1085440K
  class space    used 5125K, capacity 5235K, committed 5248K, reserved 1048576K
GC Heap History (10 events):
Event: 2.772 GC heap before
{Heap before GC invocations=4 (full 1):
 PSYoungGen      total 76288K, used 5971K [0x000000076ab00000, 0x0000000774000000, 0x00000007c0000000)
  eden space 65536K, 0% used [0x000000076ab00000,0x000000076ab00000,0x000000076eb00000)
  from space 10752K, 55% used [0x000000076eb00000,0x000000076f0d4d88,0x000000076f580000)
  to   space 10752K, 0% used [0x0000000773580000,0x0000000773580000,0x0000000774000000)
 ParOldGen       total 175104K, used 96K [0x00000006c0000000, 0x00000006cab00000, 0x000000076ab00000)
  object space 175104K, 0% used [0x00000006c0000000,0x00000006c0018010,0x00000006cab00000)
 Metaspace       used 20887K, capacity 21128K, committed 21296K, reserved 1069056K
  class space    used 2507K, capacity 2573K, committed 2688K, reserved 1048576K
Event: 2.817 GC heap after
Heap after GC invocations=4 (full 1):
 PSYoungGen      total 76288K, used 0K [0x000000076ab00000, 0x0000000774000000, 0x00000007c0000000)
  eden space 65536K, 0% used [0x000000076ab00000,0x000000076ab00000,0x000000076eb00000)
  from space 10752K, 0% used [0x000000076eb00000,0x000000076eb00000,0x000000076f580000)
  to   space 10752K, 0% used [0x0000000773580000,0x0000000773580000,0x0000000774000000)
 ParOldGen       total 92672K, used 5939K [0x00000006c0000000, 0x00000006c5a80000, 0x000000076ab00000)
  object space 92672K, 6% used [0x00000006c0000000,0x00000006c05ccd18,0x00000006c5a80000)
 Metaspace       used 20887K, capacity 21128K, committed 21296K, reserved 1069056K
  class space    used 2507K, capacity 2573K, committed 2688K, reserved 1048576K
}
Event: 3.841 GC heap before
{Heap before GC invocations=5 (full 1):
 PSYoungGen      total 76288K, used 65536K [0x000000076ab00000, 0x0000000774000000, 0x00000007c0000000)
  eden space 65536K, 100% used [0x000000076ab00000,0x000000076eb00000,0x000000076eb00000)
  from space 10752K, 0% used [0x000000076eb00000,0x000000076eb00000,0x000000076f580000)
  to   space 10752K, 0% used [0x0000000773580000,0x0000000773580000,0x0000000774000000)
 ParOldGen       total 92672K, used 5939K [0x00000006c0000000, 0x00000006c5a80000, 0x000000076ab00000)
  object space 92672K, 6% used [0x00000006c0000000,0x00000006c05ccd18,0x00000006c5a80000)
 Metaspace       used 24223K, capacity 24524K, committed 24832K, reserved 1071104K
  class space    used 2954K, capacity 3059K, committed 3072K, reserved 1048576K
Event: 3.851 GC heap after
Heap after GC invocations=5 (full 1):
 PSYoungGen      total 112640K, used 5006K [0x000000076ab00000, 0x0000000773a80000, 0x00000007c0000000)
  eden space 107520K, 0% used [0x000000076ab00000,0x000000076ab00000,0x0000000771400000)
  from space 5120K, 97% used [0x0000000773580000,0x0000000773a63be8,0x0000000773a80000)
  to   space 10752K, 0% used [0x0000000772580000,0x0000000772580000,0x0000000773000000)
 ParOldGen       total 92672K, used 5947K [0x00000006c0000000, 0x00000006c5a80000, 0x000000076ab00000)
  object space 92672K, 6% used [0x00000006c0000000,0x00000006c05ced18,0x00000006c5a80000)
 Metaspace       used 24223K, capacity 24524K, committed 24832K, reserved 1071104K
  class space    used 2954K, capacity 3059K, committed 3072K, reserved 1048576K
}
Event: 5.398 GC heap before
{Heap before GC invocations=6 (full 1):
 PSYoungGen      total 112640K, used 112526K [0x000000076ab00000, 0x0000000773a80000, 0x00000007c0000000)
  eden space 107520K, 100% used [0x000000076ab00000,0x0000000771400000,0x0000000771400000)
  from space 5120K, 97% used [0x0000000773580000,0x0000000773a63be8,0x0000000773a80000)
  to   space 10752K, 0% used [0x0000000772580000,0x0000000772580000,0x0000000773000000)
 ParOldGen       total 92672K, used 5947K [0x00000006c0000000, 0x00000006c5a80000, 0x000000076ab00000)
  object space 92672K, 6% used [0x00000006c0000000,0x00000006c05ced18,0x00000006c5a80000)
 Metaspace       used 29072K, capacity 29410K, committed 29568K, reserved 1075200K
  class space    used 3565K, capacity 3676K, committed 3712K, reserved 1048576K
Event: 5.415 GC heap after
Heap after GC invocations=6 (full 1):
 PSYoungGen      total 136192K, used 10735K [0x000000076ab00000, 0x0000000776f00000, 0x00000007c0000000)
  eden space 125440K, 0% used [0x000000076ab00000,0x000000076ab00000,0x0000000772580000)
  from space 10752K, 99% used [0x0000000772580000,0x0000000772ffbc70,0x0000000773000000)
  to   space 14336K, 0% used [0x0000000776100000,0x0000000776100000,0x0000000776f00000)
 ParOldGen       total 92672K, used 7919K [0x00000006c0000000, 0x00000006c5a80000, 0x000000076ab00000)
  object space 92672K, 8% used [0x00000006c0000000,0x00000006c07bbfd8,0x00000006c5a80000)
 Metaspace       used 29072K, capacity 29410K, committed 29568K, reserved 1075200K
  class space    used 3565K, capacity 3676K, committed 3712K, reserved 1048576K
}
Event: 6.638 GC heap before
{Heap before GC invocations=7 (full 1):
 PSYoungGen      total 136192K, used 108326K [0x000000076ab00000, 0x0000000776f00000, 0x00000007c0000000)
  eden space 125440K, 77% used [0x000000076ab00000,0x0000000770a4ded8,0x0000000772580000)
  from space 10752K, 99% used [0x0000000772580000,0x0000000772ffbc70,0x0000000773000000)
  to   space 14336K, 0% used [0x0000000776100000,0x0000000776100000,0x0000000776f00000)
 ParOldGen       total 92672K, used 7919K [0x00000006c0000000, 0x00000006c5a80000, 0x000000076ab00000)
  object space 92672K, 8% used [0x00000006c0000000,0x00000006c07bbfd8,0x00000006c5a80000)
 Metaspace       used 34882K, capacity 35174K, committed 35456K, reserved 1081344K
  class space    used 4285K, capacity 4354K, committed 4480K, reserved 1048576K
Event: 6.657 GC heap after
Heap after GC invocations=7 (full 1):
 PSYoungGen      total 182784K, used 14323K [0x000000076ab00000, 0x0000000778f00000, 0x00000007c0000000)
  eden space 168448K, 0% used [0x000000076ab00000,0x000000076ab00000,0x0000000774f80000)
  from space 14336K, 99% used [0x0000000776100000,0x0000000776efcd68,0x0000000776f00000)
  to   space 17920K, 0% used [0x0000000774f80000,0x0000000774f80000,0x0000000776100000)
 ParOldGen       total 92672K, used 10079K [0x00000006c0000000, 0x00000006c5a80000, 0x000000076ab00000)
  object space 92672K, 10% used [0x00000006c0000000,0x00000006c09d7e90,0x00000006c5a80000)
 Metaspace       used 34882K, capacity 35174K, committed 35456K, reserved 1081344K
  class space    used 4285K, capacity 4354K, committed 4480K, reserved 1048576K
}
Event: 6.657 GC heap before
{Heap before GC invocations=8 (full 2):
 PSYoungGen      total 182784K, used 14323K [0x000000076ab00000, 0x0000000778f00000, 0x00000007c0000000)
  eden space 168448K, 0% used [0x000000076ab00000,0x000000076ab00000,0x0000000774f80000)
  from space 14336K, 99% used [0x0000000776100000,0x0000000776efcd68,0x0000000776f00000)
  to   space 17920K, 0% used [0x0000000774f80000,0x0000000774f80000,0x0000000776100000)
 ParOldGen       total 92672K, used 10079K [0x00000006c0000000, 0x00000006c5a80000, 0x000000076ab00000)
  object space 92672K, 10% used [0x00000006c0000000,0x00000006c09d7e90,0x00000006c5a80000)
 Metaspace       used 34882K, capacity 35174K, committed 35456K, reserved 1081344K
  class space    used 4285K, capacity 4354K, committed 4480K, reserved 1048576K
Event: 6.744 GC heap after
Heap after GC invocations=8 (full 2):
 PSYoungGen      total 182784K, used 0K [0x000000076ab00000, 0x0000000778f00000, 0x00000007c0000000)
  eden space 168448K, 0% used [0x000000076ab00000,0x000000076ab00000,0x0000000774f80000)
  from space 14336K, 0% used [0x0000000776100000,0x0000000776100000,0x0000000776f00000)
  to   space 17920K, 0% used [0x0000000774f80000,0x0000000774f80000,0x0000000776100000)
 ParOldGen       total 151040K, used 21788K [0x00000006c0000000, 0x00000006c9380000, 0x000000076ab00000)
  object space 151040K, 14% used [0x00000006c0000000,0x00000006c15470b8,0x00000006c9380000)
 Metaspace       used 34882K, capacity 35174K, committed 35456K, reserved 1081344K
  class space    used 4285K, capacity 4354K, committed 4480K, reserved 1048576K
}

